# JRE version: Java(TM) SE Runtime Environment 18.9 (11.0.9+7) (build 11.0.9+7-LTS)
# Java VM: Java HotSpot(TM) 64-Bit Server VM 18.9 (11.0.9+7-LTS, mixed mode, tiered, compressed oops, g1 gc, windows-amd64)
Heap:
 garbage-first heap   total 155648K, used 96471K [0x0000000082000000, 0x0000000100000000)
  region size 1024K, 88 young (90112K), 7 survivors (7168K)
 Metaspace       used 49481K, capacity 50628K, committed 50816K, reserved 1093632K
  class space    used 6065K, capacity 6522K, committed 6528K, reserved 1048576K
GC Heap History (10 events):
Event: 1.250 GC heap before
{Heap before GC invocations=1 (full 0):
 garbage-first heap   total 129024K, used 40408K [0x0000000082000000, 0x0000000100000000)
  region size 1024K, 37 young (37888K), 3 survivors (3072K)
 Metaspace       used 20701K, capacity 21111K, committed 21248K, reserved 1069056K
  class space    used 2260K, capacity 2439K, committed 2560K, reserved 1048576K
}
Event: 1.257 GC heap after
{Heap after GC invocations=2 (full 0):
 garbage-first heap   total 129024K, used 8080K [0x0000000082000000, 0x0000000100000000)
  region size 1024K, 5 young (5120K), 5 survivors (5120K)
 Metaspace       used 20701K, capacity 21111K, committed 21248K, reserved 1069056K
  class space    used 2260K, capacity 2439K, committed 2560K, reserved 1048576K
}
Event: 1.438 GC heap before
{Heap before GC invocations=3 (full 0):
 garbage-first heap   total 129024K, used 41872K [0x0000000082000000, 0x0000000100000000)
  region size 1024K, 39 young (39936K), 5 survivors (5120K)
 Metaspace       used 23717K, capacity 24254K, committed 24448K, reserved 1071104K
  class space    used 2675K, capacity 2891K, committed 2944K, reserved 1048576K
}
Event: 1.444 GC heap after
{Heap after GC invocations=4 (full 0):
 garbage-first heap   total 129024K, used 9076K [0x0000000082000000, 0x0000000100000000)
  region size 1024K, 3 young (3072K), 3 survivors (3072K)
 Metaspace       used 23717K, capacity 24254K, committed 24448K, reserved 1071104K
  class space    used 2675K, capacity 2891K, committed 2944K, reserved 1048576K
}
Event: 1.949 GC heap before
{Heap before GC invocations=4 (full 0):
 garbage-first heap   total 129024K, used 60276K [0x0000000082000000, 0x0000000100000000)
  region size 1024K, 54 young (55296K), 3 survivors (3072K)
 Metaspace       used 26613K, capacity 27296K, committed 27392K, reserved 1073152K
  class space    used 2988K, capacity 3255K, committed 3328K, reserved 1048576K
}
Event: 1.955 GC heap after
{Heap after GC invocations=5 (full 0):
 garbage-first heap   total 129024K, used 10328K [0x0000000082000000, 0x0000000100000000)
  region size 1024K, 4 young (4096K), 4 survivors (4096K)
 Metaspace       used 26613K, capacity 27296K, committed 27392K, reserved 1073152K
  class space    used 2988K, capacity 3255K, committed 3328K, reserved 1048576K
}
Event: 3.239 GC heap before
{Heap before GC invocations=5 (full 0):
 garbage-first heap   total 129024K, used 78936K [0x0000000082000000, 0x0000000100000000)
  region size 1024K, 72 young (73728K), 4 survivors (4096K)
 Metaspace       used 34627K, capacity 35671K, committed 35712K, reserved 1081344K
  class space    used 4032K, capacity 4440K, committed 4480K, reserved 1048576K
}
Event: 3.250 GC heap after
{Heap after GC invocations=6 (full 0):
 garbage-first heap   total 155648K, used 13978K [0x0000000082000000, 0x0000000100000000)
  region size 1024K, 8 young (8192K), 8 survivors (8192K)
 Metaspace       used 34627K, capacity 35671K, committed 35712K, reserved 1081344K
  class space    used 4032K, capacity 4440K, committed 4480K, reserved 1048576K
}
Event: 3.304 GC heap before
{Heap before GC invocations=6 (full 0):
 garbage-first heap   total 155648K, used 32410K [0x0000000082000000, 0x0000000100000000)
  region size 1024K, 28 young (28672K), 8 survivors (8192K)
 Metaspace       used 34825K, capacity 35833K, committed 35840K, reserved 1081344K
  class space    used 4053K, capacity 4473K, committed 4480K, reserved 1048576K
}
Event: 3.314 GC heap after
{Heap after GC invocations=7 (full 0):
 garbage-first heap   total 155648K, used 14551K [0x0000000082000000, 0x0000000100000000)
  region size 1024K, 7 young (7168K), 7 survivors (7168K)
 Metaspace       used 34825K, capacity 35833K, committed 35840K, reserved 1081344K
  class space    used 4053K, capacity 4473K, committed 4480K, reserved 1048576K
}

